Determining if the include file boost/algorithm/string.hpp exists failed with the following output:
Change Dir: /home/msv/2013-mini-smart-vehicles/group-5/sources/OpenDaVINCI-msv/CMakeFiles/CMakeTmp

Run Build Command:/usr/bin/make "cmTryCompileExec/fast"
/usr/bin/make -f CMakeFiles/cmTryCompileExec.dir/build.make CMakeFiles/cmTryCompileExec.dir/build
make[1]: Entering directory `/home/msv/2013-mini-smart-vehicles/group-5/sources/OpenDaVINCI-msv/CMakeFiles/CMakeTmp'
/usr/bin/cmake -E cmake_progress_report /home/msv/2013-mini-smart-vehicles/group-5/sources/OpenDaVINCI-msv/CMakeFiles/CMakeTmp/CMakeFiles 1
Building CXX object CMakeFiles/cmTryCompileExec.dir/CheckIncludeFile.cxx.o
/usr/bin/c++    -Wno-deprecated -Wall -Werror -Wextra -Wfloat-equal -Wshadow -Wpointer-arith -Wwrite-strings -Wpacked -Wredundant-decls -Wmissing-format-attribute -ansi -pipe -ansi -Wno-error=effc++ -Weffc++ -DHAVE_LINUX_RT -I     -o CMakeFiles/cmTryCompileExec.dir/CheckIncludeFile.cxx.o -c /home/msv/2013-mini-smart-vehicles/group-5/sources/OpenDaVINCI-msv/CMakeFiles/CMakeTmp/CheckIncludeFile.cxx
c++: error: CMakeFiles/cmTryCompileExec.dir/CheckIncludeFile.cxx.o: No such file or directory
make[1]: Leaving directory `/home/msv/2013-mini-smart-vehicles/group-5/sources/OpenDaVINCI-msv/CMakeFiles/CMakeTmp'
make[1]: *** [CMakeFiles/cmTryCompileExec.dir/CheckIncludeFile.cxx.o] Error 1
make: *** [cmTryCompileExec/fast] Error 2


Determining if the include file boost/spirit/include/classic_core.hpp exists failed with the following output:
Change Dir: /home/msv/2013-mini-smart-vehicles/group-5/sources/OpenDaVINCI-msv/CMakeFiles/CMakeTmp

Run Build Command:/usr/bin/make "cmTryCompileExec/fast"
/usr/bin/make -f CMakeFiles/cmTryCompileExec.dir/build.make CMakeFiles/cmTryCompileExec.dir/build
make[1]: Entering directory `/home/msv/2013-mini-smart-vehicles/group-5/sources/OpenDaVINCI-msv/CMakeFiles/CMakeTmp'
/usr/bin/cmake -E cmake_progress_report /home/msv/2013-mini-smart-vehicles/group-5/sources/OpenDaVINCI-msv/CMakeFiles/CMakeTmp/CMakeFiles 1
Building CXX object CMakeFiles/cmTryCompileExec.dir/CheckIncludeFile.cxx.o
/usr/bin/c++    -Wno-deprecated -Wall -Werror -Wextra -Wfloat-equal -Wshadow -Wpointer-arith -Wwrite-strings -Wpacked -Wredundant-decls -Wmissing-format-attribute -ansi -pipe -ansi -Wno-error=effc++ -Weffc++ -DHAVE_LINUX_RT -I     -o CMakeFiles/cmTryCompileExec.dir/CheckIncludeFile.cxx.o -c /home/msv/2013-mini-smart-vehicles/group-5/sources/OpenDaVINCI-msv/CMakeFiles/CMakeTmp/CheckIncludeFile.cxx
c++: error: CMakeFiles/cmTryCompileExec.dir/CheckIncludeFile.cxx.o: No such file or directory
make[1]: Leaving directory `/home/msv/2013-mini-smart-vehicles/group-5/sources/OpenDaVINCI-msv/CMakeFiles/CMakeTmp'
make[1]: *** [CMakeFiles/cmTryCompileExec.dir/CheckIncludeFile.cxx.o] Error 1
make: *** [cmTryCompileExec/fast] Error 2


Determining if the Q_WS_WIN exist failed with the following output:
Change Dir: /home/msv/2013-mini-smart-vehicles/group-5/sources/OpenDaVINCI-msv/CMakeFiles/CMakeTmp

Run Build Command:/usr/bin/make "cmTryCompileExec/fast"
/usr/bin/make -f CMakeFiles/cmTryCompileExec.dir/build.make CMakeFiles/cmTryCompileExec.dir/build
make[1]: Entering directory `/home/msv/2013-mini-smart-vehicles/group-5/sources/OpenDaVINCI-msv/CMakeFiles/CMakeTmp'
/usr/bin/cmake -E cmake_progress_report /home/msv/2013-mini-smart-vehicles/group-5/sources/OpenDaVINCI-msv/CMakeFiles/CMakeTmp/CMakeFiles 1
Building C object CMakeFiles/cmTryCompileExec.dir/CheckSymbolExists.c.o
/usr/bin/gcc   -fPIC   -I/usr/include/qt4    -o CMakeFiles/cmTryCompileExec.dir/CheckSymbolExists.c.o   -c /home/msv/2013-mini-smart-vehicles/group-5/sources/OpenDaVINCI-msv/CMakeFiles/CMakeTmp/CheckSymbolExists.c
/home/msv/2013-mini-smart-vehicles/group-5/sources/OpenDaVINCI-msv/CMakeFiles/CMakeTmp/CheckSymbolExists.c: In function ‘main’:
/home/msv/2013-mini-smart-vehicles/group-5/sources/OpenDaVINCI-msv/CMakeFiles/CMakeTmp/CheckSymbolExists.c:8:25: error: ‘Q_WS_WIN’ undeclared (first use in this function)
/home/msv/2013-mini-smart-vehicles/group-5/sources/OpenDaVINCI-msv/CMakeFiles/CMakeTmp/CheckSymbolExists.c:8:25: note: each undeclared identifier is reported only once for each function it appears in
make[1]: Leaving directory `/home/msv/2013-mini-smart-vehicles/group-5/sources/OpenDaVINCI-msv/CMakeFiles/CMakeTmp'
make[1]: *** [CMakeFiles/cmTryCompileExec.dir/CheckSymbolExists.c.o] Error 1
make: *** [cmTryCompileExec/fast] Error 2

File /home/msv/2013-mini-smart-vehicles/group-5/sources/OpenDaVINCI-msv/CMakeFiles/CMakeTmp/CheckSymbolExists.c:
/* */
#include <QtCore/qglobal.h>

void cmakeRequireSymbol(int dummy,...){(void)dummy;}
int main()
{
#ifndef Q_WS_WIN
  cmakeRequireSymbol(0,&Q_WS_WIN);
#endif
  return 0;
}

Determining if the Q_WS_QWS exist failed with the following output:
Change Dir: /home/msv/2013-mini-smart-vehicles/group-5/sources/OpenDaVINCI-msv/CMakeFiles/CMakeTmp

Run Build Command:/usr/bin/make "cmTryCompileExec/fast"
/usr/bin/make -f CMakeFiles/cmTryCompileExec.dir/build.make CMakeFiles/cmTryCompileExec.dir/build
make[1]: Entering directory `/home/msv/2013-mini-smart-vehicles/group-5/sources/OpenDaVINCI-msv/CMakeFiles/CMakeTmp'
/usr/bin/cmake -E cmake_progress_report /home/msv/2013-mini-smart-vehicles/group-5/sources/OpenDaVINCI-msv/CMakeFiles/CMakeTmp/CMakeFiles 1
Building C object CMakeFiles/cmTryCompileExec.dir/CheckSymbolExists.c.o
/usr/bin/gcc   -fPIC   -I/usr/include/qt4    -o CMakeFiles/cmTryCompileExec.dir/CheckSymbolExists.c.o   -c /home/msv/2013-mini-smart-vehicles/group-5/sources/OpenDaVINCI-msv/CMakeFiles/CMakeTmp/CheckSymbolExists.c
/home/msv/2013-mini-smart-vehicles/group-5/sources/OpenDaVINCI-msv/CMakeFiles/CMakeTmp/CheckSymbolExists.c: In function ‘main’:
/home/msv/2013-mini-smart-vehicles/group-5/sources/OpenDaVINCI-msv/CMakeFiles/CMakeTmp/CheckSymbolExists.c:8:25: error: ‘Q_WS_QWS’ undeclared (first use in this function)
/home/msv/2013-mini-smart-vehicles/group-5/sources/OpenDaVINCI-msv/CMakeFiles/CMakeTmp/CheckSymbolExists.c:8:25: note: each undeclared identifier is reported only once for each function it appears in
make[1]: Leaving directory `/home/msv/2013-mini-smart-vehicles/group-5/sources/OpenDaVINCI-msv/CMakeFiles/CMakeTmp'
make[1]: *** [CMakeFiles/cmTryCompileExec.dir/CheckSymbolExists.c.o] Error 1
make: *** [cmTryCompileExec/fast] Error 2

File /home/msv/2013-mini-smart-vehicles/group-5/sources/OpenDaVINCI-msv/CMakeFiles/CMakeTmp/CheckSymbolExists.c:
/* */
#include <QtCore/qglobal.h>

void cmakeRequireSymbol(int dummy,...){(void)dummy;}
int main()
{
#ifndef Q_WS_QWS
  cmakeRequireSymbol(0,&Q_WS_QWS);
#endif
  return 0;
}

Determining if the Q_WS_MAC exist failed with the following output:
Change Dir: /home/msv/2013-mini-smart-vehicles/group-5/sources/OpenDaVINCI-msv/CMakeFiles/CMakeTmp

Run Build Command:/usr/bin/make "cmTryCompileExec/fast"
/usr/bin/make -f CMakeFiles/cmTryCompileExec.dir/build.make CMakeFiles/cmTryCompileExec.dir/build
make[1]: Entering directory `/home/msv/2013-mini-smart-vehicles/group-5/sources/OpenDaVINCI-msv/CMakeFiles/CMakeTmp'
/usr/bin/cmake -E cmake_progress_report /home/msv/2013-mini-smart-vehicles/group-5/sources/OpenDaVINCI-msv/CMakeFiles/CMakeTmp/CMakeFiles 1
Building C object CMakeFiles/cmTryCompileExec.dir/CheckSymbolExists.c.o
/usr/bin/gcc   -fPIC   -I/usr/include/qt4    -o CMakeFiles/cmTryCompileExec.dir/CheckSymbolExists.c.o   -c /home/msv/2013-mini-smart-vehicles/group-5/sources/OpenDaVINCI-msv/CMakeFiles/CMakeTmp/CheckSymbolExists.c
/home/msv/2013-mini-smart-vehicles/group-5/sources/OpenDaVINCI-msv/CMakeFiles/CMakeTmp/CheckSymbolExists.c: In function ‘main’:
/home/msv/2013-mini-smart-vehicles/group-5/sources/OpenDaVINCI-msv/CMakeFiles/CMakeTmp/CheckSymbolExists.c:8:25: error: ‘Q_WS_MAC’ undeclared (first use in this function)
/home/msv/2013-mini-smart-vehicles/group-5/sources/OpenDaVINCI-msv/CMakeFiles/CMakeTmp/CheckSymbolExists.c:8:25: note: each undeclared identifier is reported only once for each function it appears in
make[1]: Leaving directory `/home/msv/2013-mini-smart-vehicles/group-5/sources/OpenDaVINCI-msv/CMakeFiles/CMakeTmp'
make[1]: *** [CMakeFiles/cmTryCompileExec.dir/CheckSymbolExists.c.o] Error 1
make: *** [cmTryCompileExec/fast] Error 2

File /home/msv/2013-mini-smart-vehicles/group-5/sources/OpenDaVINCI-msv/CMakeFiles/CMakeTmp/CheckSymbolExists.c:
/* */
#include <QtCore/qglobal.h>

void cmakeRequireSymbol(int dummy,...){(void)dummy;}
int main()
{
#ifndef Q_WS_MAC
  cmakeRequireSymbol(0,&Q_WS_MAC);
#endif
  return 0;
}

